2020-07-28T05:17:52+00:00 CRITICAL Out of memory (allocated 10485760) (tried to allocate 32768 bytes) in C:\xampp\htdocs\hannu_shop\wp-content\plugins\woocommerce\packages\woocommerce-rest-api\src\Controllers\Version3\class-wc-rest-customers-controller.php on line 1

2020-07-28T09:06:40+00:00 CRITICAL Uncaught Error: Call to a member function to_array() on null in C:\xampp\htdocs\hannu_shop\wp-content\plugins\contact-form-7\includes\rest-api.php:374
Stack trace:
#0 [internal function]: {closure}(Object(WPCF7_FormTag))
#1 C:\xampp\htdocs\hannu_shop\wp-content\plugins\contact-form-7\includes\rest-api.php(378): array_map(Object(Closure), Array)
#2 C:\xampp\htdocs\hannu_shop\wp-content\plugins\contact-form-7\includes\rest-api.php(232): wpcf7_get_properties_for_api(Object(WPCF7_ContactForm))
#3 C:\xampp\htdocs\hannu_shop\wp-includes\rest-api\class-wp-rest-server.php(1015): wpcf7_rest_update_contact_form(Object(WP_REST_Request))
#4 C:\xampp\htdocs\hannu_shop\wp-includes\rest-api\class-wp-rest-server.php(342): WP_REST_Server->dispatch(Object(WP_REST_Request))
#5 C:\xampp\htdocs\hannu_shop\wp-includes\rest-api.php(312): WP_REST_Server->serve_request('/contact-form-7...')
#6 C:\xampp\htdocs\hannu_shop\wp-includes\class-wp-hook.php(287): rest_api_loaded(Object(WP))
#7 C:\xampp\htdocs\hannu_shop\wp-includes\class-wp- in C:\xampp\htdocs\hannu_shop\wp-content\plugins\contact-form-7\includes\rest-api.php on line 374

2020-07-28T09:07:02+00:00 CRITICAL Uncaught Error: Call to a member function to_array() on null in C:\xampp\htdocs\hannu_shop\wp-content\plugins\contact-form-7\includes\rest-api.php:374
Stack trace:
#0 [internal function]: {closure}(Object(WPCF7_FormTag))
#1 C:\xampp\htdocs\hannu_shop\wp-content\plugins\contact-form-7\includes\rest-api.php(378): array_map(Object(Closure), Array)
#2 C:\xampp\htdocs\hannu_shop\wp-content\plugins\contact-form-7\includes\rest-api.php(232): wpcf7_get_properties_for_api(Object(WPCF7_ContactForm))
#3 C:\xampp\htdocs\hannu_shop\wp-includes\rest-api\class-wp-rest-server.php(1015): wpcf7_rest_update_contact_form(Object(WP_REST_Request))
#4 C:\xampp\htdocs\hannu_shop\wp-includes\rest-api\class-wp-rest-server.php(342): WP_REST_Server->dispatch(Object(WP_REST_Request))
#5 C:\xampp\htdocs\hannu_shop\wp-includes\rest-api.php(312): WP_REST_Server->serve_request('/contact-form-7...')
#6 C:\xampp\htdocs\hannu_shop\wp-includes\class-wp-hook.php(287): rest_api_loaded(Object(WP))
#7 C:\xampp\htdocs\hannu_shop\wp-includes\class-wp- in C:\xampp\htdocs\hannu_shop\wp-content\plugins\contact-form-7\includes\rest-api.php on line 374

